<?xml version="1.0" encoding="UTF-8" ?>
<testsuite failures="0" time="0.941" errors="1" skipped="0" tests="1" name="solrbook.BrainzSolrClientTest">
  <properties>
[...]
</properties>
  <testcase time="0.929" classname="solrbook.BrainzSolrClientTest" name="testHeritrix2">
    <error message="java.net.ConnectException: Connection refused" type="org.apache.solr.client.solrj.SolrServerException">org.apache.solr.client.solrj.SolrServerException: java.net.ConnectException: Connection refused
	at org.apache.solr.client.solrj.impl.CommonsHttpSolrServer.request(CommonsHttpSolrServer.java:478)
	at org.apache.solr.client.solrj.impl.CommonsHttpSolrServer.request(CommonsHttpSolrServer.java:244)
	at org.apache.solr.client.solrj.request.AbstractUpdateRequest.process(AbstractUpdateRequest.java:105)
	at org.apache.solr.client.solrj.SolrServer.deleteByQuery(SolrServer.java:110)
	at solrbook.Indexer.deleteAll(Indexer.java:266)
	at solrbook.BrainzSolrClient.main(BrainzSolrClient.java:51)
	at solrbook.BrainzSolrClientTest.testHeritrix2(BrainzSolrClientTest.java:36)
Caused by: java.net.ConnectException: Connection refused
	at java.net.PlainSocketImpl.socketConnect(Native Method)
	at java.net.PlainSocketImpl.doConnect(PlainSocketImpl.java:351)
	at java.net.PlainSocketImpl.connectToAddress(PlainSocketImpl.java:213)
	at java.net.PlainSocketImpl.connect(PlainSocketImpl.java:200)
	at java.net.SocksSocketImpl.connect(SocksSocketImpl.java:385)
	at java.net.Socket.connect(Socket.java:529)
	at java.net.Socket.connect(Socket.java:478)
	at java.net.Socket.&lt;init&gt;(Socket.java:375)
	at java.net.Socket.&lt;init&gt;(Socket.java:249)
	at org.apache.commons.httpclient.protocol.DefaultProtocolSocketFactory.createSocket(DefaultProtocolSocketFactory.java:80)
	at org.apache.commons.httpclient.protocol.DefaultProtocolSocketFactory.createSocket(DefaultProtocolSocketFactory.java:122)
	at org.apache.commons.httpclient.HttpConnection.open(HttpConnection.java:707)
	at org.apache.commons.httpclient.MultiThreadedHttpConnectionManager$HttpConnectionAdapter.open(MultiThreadedHttpConnectionManager.java:1361)
	at org.apache.commons.httpclient.HttpMethodDirector.executeWithRetry(HttpMethodDirector.java:387)
	at org.apache.commons.httpclient.HttpMethodDirector.executeMethod(HttpMethodDirector.java:171)
	at org.apache.commons.httpclient.HttpClient.executeMethod(HttpClient.java:397)
	at org.apache.commons.httpclient.HttpClient.executeMethod(HttpClient.java:323)
	at org.apache.solr.client.solrj.impl.CommonsHttpSolrServer.request(CommonsHttpSolrServer.java:422)
	... 34 more
</error>
    <system-out>@HL
@HL-------------------------------------------------------
@HL T E S T S
@HL-------------------------------------------------------
@SLRunning solrbook.BrainzSolrClientTest
</system-out>
    <system-err>log4j:WARN No appenders could be found for logger (org.apache.commons.httpclient.HttpClient).
log4j:WARN Please initialize the log4j system properly.
</system-err>
  </testcase>
</testsuite>